2017-11-04 11:09:16.008  INFO 32892 --- [restartedMain] com.yuwubao.HbThinkTankApplication       : Starting HbThinkTankApplication on PC201602271711 with PID 32892 (started by Administrator in C:\Users\Administrator\Desktop\湖北智库网项目\Code\hb_think_tank)
2017-11-04 11:09:16.028  INFO 32892 --- [restartedMain] com.yuwubao.HbThinkTankApplication       : The following profiles are active: v1
2017-11-04 11:09:16.417  INFO 32892 --- [restartedMain] ationConfigEmbeddedWebApplicationContext : Refreshing org.springframework.boot.context.embedded.AnnotationConfigEmbeddedWebApplicationContext@3de1a18b: startup date [Sat Nov 04 11:09:16 CST 2017]; root of context hierarchy
2017-11-04 11:09:20.426  INFO 32892 --- [restartedMain] o.s.b.f.s.DefaultListableBeanFactory     : Overriding bean definition for bean 'dataSource' with a different definition: replacing [Root bean: class [null]; scope=; abstract=false; lazyInit=false; autowireMode=3; dependencyCheck=0; autowireCandidate=true; primary=false; factoryBeanName=org.springframework.boot.autoconfigure.jdbc.DataSourceConfiguration$Hikari; factoryMethodName=dataSource; initMethodName=null; destroyMethodName=(inferred); defined in class path resource [org/springframework/boot/autoconfigure/jdbc/DataSourceConfiguration$Hikari.class]] with [Root bean: class [null]; scope=; abstract=false; lazyInit=false; autowireMode=3; dependencyCheck=0; autowireCandidate=true; primary=false; factoryBeanName=org.springframework.boot.autoconfigure.jdbc.DataSourceConfiguration$Tomcat; factoryMethodName=dataSource; initMethodName=null; destroyMethodName=(inferred); defined in class path resource [org/springframework/boot/autoconfigure/jdbc/DataSourceConfiguration$Tomcat.class]]
2017-11-04 11:09:23.151  INFO 32892 --- [restartedMain] s.b.c.e.t.TomcatEmbeddedServletContainer : Tomcat initialized with port(s): 8080 (http)
2017-11-04 11:09:23.228  INFO 32892 --- [restartedMain] o.apache.catalina.core.StandardService   : Starting service [Tomcat]
2017-11-04 11:09:23.230  INFO 32892 --- [restartedMain] org.apache.catalina.core.StandardEngine  : Starting Servlet Engine: Apache Tomcat/8.5.20
2017-11-04 11:09:23.875  INFO 32892 --- [localhost-startStop-1] org.apache.jasper.servlet.TldScanner     : At least one JAR was scanned for TLDs yet contained no TLDs. Enable debug logging for this logger for a complete list of JARs that were scanned but no TLDs were found in them. Skipping unneeded JARs during scanning can improve startup time and JSP compilation time.
2017-11-04 11:09:23.897  INFO 32892 --- [localhost-startStop-1] o.a.c.c.C.[Tomcat].[localhost].[/]       : Initializing Spring embedded WebApplicationContext
2017-11-04 11:09:23.898  INFO 32892 --- [localhost-startStop-1] o.s.web.context.ContextLoader            : Root WebApplicationContext: initialization completed in 7492 ms
2017-11-04 11:09:24.198  INFO 32892 --- [localhost-startStop-1] o.s.b.w.servlet.ServletRegistrationBean  : Mapping servlet: 'dispatcherServlet' to [/]
2017-11-04 11:09:24.214  INFO 32892 --- [localhost-startStop-1] o.s.b.w.servlet.FilterRegistrationBean   : Mapping filter: 'characterEncodingFilter' to: [/*]
2017-11-04 11:09:24.215  INFO 32892 --- [localhost-startStop-1] o.s.b.w.servlet.FilterRegistrationBean   : Mapping filter: 'hiddenHttpMethodFilter' to: [/*]
2017-11-04 11:09:24.216  INFO 32892 --- [localhost-startStop-1] o.s.b.w.servlet.FilterRegistrationBean   : Mapping filter: 'httpPutFormContentFilter' to: [/*]
2017-11-04 11:09:24.216  INFO 32892 --- [localhost-startStop-1] o.s.b.w.servlet.FilterRegistrationBean   : Mapping filter: 'requestContextFilter' to: [/*]
2017-11-04 11:09:25.618  INFO 32892 --- [restartedMain] j.LocalContainerEntityManagerFactoryBean : Building JPA container EntityManagerFactory for persistence unit 'default'
2017-11-04 11:09:25.644  INFO 32892 --- [restartedMain] o.hibernate.jpa.internal.util.LogHelper  : HHH000204: Processing PersistenceUnitInfo [
	name: default
	...]
2017-11-04 11:09:25.946  INFO 32892 --- [restartedMain] org.hibernate.Version                    : HHH000412: Hibernate Core {5.0.12.Final}
2017-11-04 11:09:25.949  INFO 32892 --- [restartedMain] org.hibernate.cfg.Environment            : HHH000206: hibernate.properties not found
2017-11-04 11:09:25.951  INFO 32892 --- [restartedMain] org.hibernate.cfg.Environment            : HHH000021: Bytecode provider name : javassist
2017-11-04 11:09:26.229  INFO 32892 --- [restartedMain] o.hibernate.annotations.common.Version   : HCANN000001: Hibernate Commons Annotations {5.0.1.Final}
2017-11-04 11:09:27.080  INFO 32892 --- [restartedMain] org.hibernate.dialect.Dialect            : HHH000400: Using dialect: org.hibernate.dialect.MySQL5Dialect
2017-11-04 11:09:28.514  INFO 32892 --- [restartedMain] j.LocalContainerEntityManagerFactoryBean : Initialized JPA EntityManagerFactory for persistence unit 'default'
2017-11-04 11:09:35.123  INFO 32892 --- [restartedMain] s.w.s.m.m.a.RequestMappingHandlerAdapter : Looking for @ControllerAdvice: org.springframework.boot.context.embedded.AnnotationConfigEmbeddedWebApplicationContext@3de1a18b: startup date [Sat Nov 04 11:09:16 CST 2017]; root of context hierarchy
2017-11-04 11:09:35.292  INFO 32892 --- [restartedMain] s.w.s.m.m.a.RequestMappingHandlerMapping : Mapped "{[/query/zk/article],methods=[GET]}" onto public java.util.List<com.yuwubao.entities.ArticleEntity> com.yuwubao.controllers.AericleSearchController.query(java.lang.String,int,int)
2017-11-04 11:09:35.294  INFO 32892 --- [restartedMain] s.w.s.m.m.a.RequestMappingHandlerMapping : Mapped "{[/es/addMapping],methods=[POST]}" onto public com.yuwubao.util.RestApiResponse<java.lang.Boolean> com.yuwubao.controllers.AericleSearchController.addMapping()
2017-11-04 11:09:35.295  INFO 32892 --- [restartedMain] s.w.s.m.m.a.RequestMappingHandlerMapping : Mapped "{[/es/addIndex],methods=[POST]}" onto public com.yuwubao.util.RestApiResponse<java.lang.Boolean> com.yuwubao.controllers.AericleSearchController.createIndex()
2017-11-04 11:09:35.295  INFO 32892 --- [restartedMain] s.w.s.m.m.a.RequestMappingHandlerMapping : Mapped "{[/es/deleteIndex],methods=[DELETE]}" onto public com.yuwubao.util.RestApiResponse<java.lang.Boolean> com.yuwubao.controllers.AericleSearchController.deleteIndex()
2017-11-04 11:09:35.300  INFO 32892 --- [restartedMain] s.w.s.m.m.a.RequestMappingHandlerMapping : Mapped "{[/article/add],methods=[POST]}" onto public com.yuwubao.util.RestApiResponse<com.yuwubao.entities.ArticleEntity> com.yuwubao.controllers.ArticleController.add(com.yuwubao.entities.ArticleEntity)
2017-11-04 11:09:35.301  INFO 32892 --- [restartedMain] s.w.s.m.m.a.RequestMappingHandlerMapping : Mapped "{[/article/update],methods=[PUT]}" onto public com.yuwubao.util.RestApiResponse<com.yuwubao.entities.ArticleEntity> com.yuwubao.controllers.ArticleController.update(com.yuwubao.entities.ArticleEntity)
2017-11-04 11:09:35.302  INFO 32892 --- [restartedMain] s.w.s.m.m.a.RequestMappingHandlerMapping : Mapped "{[/article/delete],methods=[DELETE]}" onto public com.yuwubao.util.RestApiResponse<com.yuwubao.entities.ArticleEntity> com.yuwubao.controllers.ArticleController.delete(int)
2017-11-04 11:09:35.303  INFO 32892 --- [restartedMain] s.w.s.m.m.a.RequestMappingHandlerMapping : Mapped "{[/article/findAll],methods=[GET]}" onto public com.yuwubao.util.RestApiResponse<org.springframework.data.domain.Page<com.yuwubao.entities.ArticleEntity>> com.yuwubao.controllers.ArticleController.findAll(int,int,java.lang.String,java.lang.String,java.lang.String,java.lang.String,int,int)
2017-11-04 11:09:35.305  INFO 32892 --- [restartedMain] s.w.s.m.m.a.RequestMappingHandlerMapping : Mapped "{[/articleSort/add],methods=[POST]}" onto public com.yuwubao.util.RestApiResponse<com.yuwubao.entities.ArticleSortEntity> com.yuwubao.controllers.ArticleSortController.add(com.yuwubao.entities.ArticleSortEntity)
2017-11-04 11:09:35.306  INFO 32892 --- [restartedMain] s.w.s.m.m.a.RequestMappingHandlerMapping : Mapped "{[/articleSort/update],methods=[PUT]}" onto public com.yuwubao.util.RestApiResponse<com.yuwubao.entities.ArticleSortEntity> com.yuwubao.controllers.ArticleSortController.update(com.yuwubao.entities.ArticleSortEntity)
2017-11-04 11:09:35.307  INFO 32892 --- [restartedMain] s.w.s.m.m.a.RequestMappingHandlerMapping : Mapped "{[/articleSort/delete],methods=[DELETE]}" onto public com.yuwubao.util.RestApiResponse<com.yuwubao.entities.ArticleSortEntity> com.yuwubao.controllers.ArticleSortController.delete(int)
2017-11-04 11:09:35.307  INFO 32892 --- [restartedMain] s.w.s.m.m.a.RequestMappingHandlerMapping : Mapped "{[/articleSort/getAll],methods=[GET]}" onto public com.yuwubao.util.RestApiResponse<java.util.List<com.yuwubao.entities.ArticleSortEntity>> com.yuwubao.controllers.ArticleSortController.getAll()
2017-11-04 11:09:35.307  INFO 32892 --- [restartedMain] s.w.s.m.m.a.RequestMappingHandlerMapping : Mapped "{[/articleSort/findAll],methods=[GET]}" onto public org.springframework.web.servlet.ModelAndView com.yuwubao.controllers.ArticleSortController.findAll(int,int,java.lang.String,java.lang.String,java.lang.String,java.lang.String)
2017-11-04 11:09:35.309  INFO 32892 --- [restartedMain] s.w.s.m.m.a.RequestMappingHandlerMapping : Mapped "{[/expert/add],methods=[POST]}" onto public com.yuwubao.util.RestApiResponse<com.yuwubao.entities.ExpertEntity> com.yuwubao.controllers.ExpertController.add(com.yuwubao.entities.ExpertEntity)
2017-11-04 11:09:35.310  INFO 32892 --- [restartedMain] s.w.s.m.m.a.RequestMappingHandlerMapping : Mapped "{[/expert/update],methods=[PUT]}" onto public com.yuwubao.util.RestApiResponse<com.yuwubao.entities.ExpertEntity> com.yuwubao.controllers.ExpertController.update(com.yuwubao.entities.ExpertEntity)
2017-11-04 11:09:35.311  INFO 32892 --- [restartedMain] s.w.s.m.m.a.RequestMappingHandlerMapping : Mapped "{[/expert/delete],methods=[DELETE]}" onto public com.yuwubao.util.RestApiResponse<com.yuwubao.entities.ExpertEntity> com.yuwubao.controllers.ExpertController.delete(int)
2017-11-04 11:09:35.312  INFO 32892 --- [restartedMain] s.w.s.m.m.a.RequestMappingHandlerMapping : Mapped "{[/expert/findAll],methods=[GET]}" onto public com.yuwubao.util.RestApiResponse<org.springframework.data.domain.Page<com.yuwubao.entities.ExpertEntity>> com.yuwubao.controllers.ExpertController.findAll(int,int,java.lang.String,java.lang.String)
2017-11-04 11:09:35.313  INFO 32892 --- [restartedMain] s.w.s.m.m.a.RequestMappingHandlerMapping : Mapped "{[/sys/toLogin]}" onto public java.lang.String com.yuwubao.controllers.LoginController.index()
2017-11-04 11:09:35.314  INFO 32892 --- [restartedMain] s.w.s.m.m.a.RequestMappingHandlerMapping : Mapped "{[/login]}" onto public java.lang.String com.yuwubao.controllers.LoginController.sysLogin(javax.servlet.http.HttpServletRequest,javax.servlet.http.HttpServletResponse,org.springframework.ui.Model)
2017-11-04 11:09:35.315  INFO 32892 --- [restartedMain] s.w.s.m.m.a.RequestMappingHandlerMapping : Mapped "{[/sys/menu/editRoleRight],methods=[POST]}" onto public com.yuwubao.util.RestApiResponse<java.lang.Boolean> com.yuwubao.controllers.MenuController.editRoleRight(int,java.util.List<java.lang.Integer>)
2017-11-04 11:09:35.316  INFO 32892 --- [restartedMain] s.w.s.m.m.a.RequestMappingHandlerMapping : Mapped "{[/sys/menu/findAll],methods=[GET]}" onto public com.yuwubao.util.RestApiResponse<java.util.List<com.yuwubao.services.contracts.Menu>> com.yuwubao.controllers.MenuController.findAll()
2017-11-04 11:09:35.318  INFO 32892 --- [restartedMain] s.w.s.m.m.a.RequestMappingHandlerMapping : Mapped "{[/organization/add],methods=[POST]}" onto public com.yuwubao.util.RestApiResponse<com.yuwubao.entities.OrganizationEntity> com.yuwubao.controllers.OrganizationController.add(com.yuwubao.entities.OrganizationEntity)
2017-11-04 11:09:35.319  INFO 32892 --- [restartedMain] s.w.s.m.m.a.RequestMappingHandlerMapping : Mapped "{[/organization/update],methods=[PUT]}" onto public com.yuwubao.util.RestApiResponse<com.yuwubao.entities.OrganizationEntity> com.yuwubao.controllers.OrganizationController.update(com.yuwubao.entities.OrganizationEntity)
2017-11-04 11:09:35.320  INFO 32892 --- [restartedMain] s.w.s.m.m.a.RequestMappingHandlerMapping : Mapped "{[/organization/delete],methods=[DELETE]}" onto public com.yuwubao.util.RestApiResponse<com.yuwubao.entities.OrganizationEntity> com.yuwubao.controllers.OrganizationController.delete(int)
2017-11-04 11:09:35.320  INFO 32892 --- [restartedMain] s.w.s.m.m.a.RequestMappingHandlerMapping : Mapped "{[/organization/getAll],methods=[GET]}" onto public com.yuwubao.util.RestApiResponse<java.util.List<com.yuwubao.entities.OrganizationEntity>> com.yuwubao.controllers.OrganizationController.getAll()
2017-11-04 11:09:35.321  INFO 32892 --- [restartedMain] s.w.s.m.m.a.RequestMappingHandlerMapping : Mapped "{[/organization/findAll],methods=[GET]}" onto public com.yuwubao.util.RestApiResponse<org.springframework.data.domain.Page<com.yuwubao.entities.OrganizationEntity>> com.yuwubao.controllers.OrganizationController.findAll(int,int,java.lang.String,java.lang.String)
2017-11-04 11:09:35.323  INFO 32892 --- [restartedMain] s.w.s.m.m.a.RequestMappingHandlerMapping : Mapped "{[/sys/role/add],methods=[POST]}" onto public com.yuwubao.util.RestApiResponse<com.yuwubao.entities.RoleEntity> com.yuwubao.controllers.RoleController.add(com.yuwubao.entities.RoleEntity)
2017-11-04 11:09:35.323  INFO 32892 --- [restartedMain] s.w.s.m.m.a.RequestMappingHandlerMapping : Mapped "{[/sys/role/update],methods=[PUT]}" onto public com.yuwubao.util.RestApiResponse<com.yuwubao.entities.RoleEntity> com.yuwubao.controllers.RoleController.update(com.yuwubao.entities.RoleEntity)
2017-11-04 11:09:35.324  INFO 32892 --- [restartedMain] s.w.s.m.m.a.RequestMappingHandlerMapping : Mapped "{[/sys/role/delete],methods=[DELETE]}" onto public com.yuwubao.util.RestApiResponse<com.yuwubao.entities.RoleEntity> com.yuwubao.controllers.RoleController.delete(int)
2017-11-04 11:09:35.324  INFO 32892 --- [restartedMain] s.w.s.m.m.a.RequestMappingHandlerMapping : Mapped "{[/sys/role/getAll],methods=[GET]}" onto public com.yuwubao.util.RestApiResponse<java.util.List<com.yuwubao.entities.RoleEntity>> com.yuwubao.controllers.RoleController.getAll()
2017-11-04 11:09:35.325  INFO 32892 --- [restartedMain] s.w.s.m.m.a.RequestMappingHandlerMapping : Mapped "{[/sys/role/findAll],methods=[GET]}" onto public com.yuwubao.util.RestApiResponse<org.springframework.data.domain.Page<com.yuwubao.entities.RoleEntity>> com.yuwubao.controllers.RoleController.findAll(int,int,java.lang.String,java.lang.String,java.lang.String,java.lang.String)
2017-11-04 11:09:35.326  INFO 32892 --- [restartedMain] s.w.s.m.m.a.RequestMappingHandlerMapping : Mapped "{[/sys/user/add],methods=[POST]}" onto public com.yuwubao.util.RestApiResponse<com.yuwubao.entities.UserEntity> com.yuwubao.controllers.UserController.add(com.yuwubao.entities.UserEntity)
2017-11-04 11:09:35.327  INFO 32892 --- [restartedMain] s.w.s.m.m.a.RequestMappingHandlerMapping : Mapped "{[/sys/user/update],methods=[PUT]}" onto public com.yuwubao.util.RestApiResponse<com.yuwubao.entities.UserEntity> com.yuwubao.controllers.UserController.update(com.yuwubao.entities.UserEntity)
2017-11-04 11:09:35.328  INFO 32892 --- [restartedMain] s.w.s.m.m.a.RequestMappingHandlerMapping : Mapped "{[/sys/user/delete],methods=[DELETE]}" onto public com.yuwubao.util.RestApiResponse<com.yuwubao.entities.UserEntity> com.yuwubao.controllers.UserController.delete(int)
2017-11-04 11:09:35.329  INFO 32892 --- [restartedMain] s.w.s.m.m.a.RequestMappingHandlerMapping : Mapped "{[/sys/user/updateAuthedUserRole],methods=[POST]}" onto public com.yuwubao.util.RestApiResponse<com.yuwubao.entities.UserRoleEntity> com.yuwubao.controllers.UserController.editUserRole(int,int)
2017-11-04 11:09:35.330  INFO 32892 --- [restartedMain] s.w.s.m.m.a.RequestMappingHandlerMapping : Mapped "{[/sys/user/findAll],methods=[GET]}" onto public com.yuwubao.util.RestApiResponse<org.springframework.data.domain.Page<com.yuwubao.entities.UserEntity>> com.yuwubao.controllers.UserController.findAll(int,int,java.lang.String,java.lang.String,java.lang.String,java.lang.String)
2017-11-04 11:09:35.333  INFO 32892 --- [restartedMain] s.w.s.m.m.a.RequestMappingHandlerMapping : Mapped "{[/videoNews/add],methods=[POST]}" onto public com.yuwubao.util.RestApiResponse<com.yuwubao.entities.VideoEntity> com.yuwubao.controllers.VideoController.add(com.yuwubao.entities.VideoEntity)
2017-11-04 11:09:35.334  INFO 32892 --- [restartedMain] s.w.s.m.m.a.RequestMappingHandlerMapping : Mapped "{[/videoNews/update],methods=[PUT]}" onto public com.yuwubao.util.RestApiResponse<com.yuwubao.entities.VideoEntity> com.yuwubao.controllers.VideoController.update(com.yuwubao.entities.VideoEntity)
2017-11-04 11:09:35.334  INFO 32892 --- [restartedMain] s.w.s.m.m.a.RequestMappingHandlerMapping : Mapped "{[/videoNews/delete],methods=[DELETE]}" onto public com.yuwubao.util.RestApiResponse<com.yuwubao.entities.VideoEntity> com.yuwubao.controllers.VideoController.delete(int)
2017-11-04 11:09:35.335  INFO 32892 --- [restartedMain] s.w.s.m.m.a.RequestMappingHandlerMapping : Mapped "{[/videoNews/findAll],methods=[GET]}" onto public com.yuwubao.util.RestApiResponse<org.springframework.data.domain.Page<com.yuwubao.entities.VideoEntity>> com.yuwubao.controllers.VideoController.findAll(int,int,java.lang.String,java.lang.String,java.lang.String,java.lang.String)
2017-11-04 11:09:35.340  INFO 32892 --- [restartedMain] s.w.s.m.m.a.RequestMappingHandlerMapping : Mapped "{[/error]}" onto public org.springframework.http.ResponseEntity<java.util.Map<java.lang.String, java.lang.Object>> org.springframework.boot.autoconfigure.web.BasicErrorController.error(javax.servlet.http.HttpServletRequest)
2017-11-04 11:09:35.341  INFO 32892 --- [restartedMain] s.w.s.m.m.a.RequestMappingHandlerMapping : Mapped "{[/error],produces=[text/html]}" onto public org.springframework.web.servlet.ModelAndView org.springframework.boot.autoconfigure.web.BasicErrorController.errorHtml(javax.servlet.http.HttpServletRequest,javax.servlet.http.HttpServletResponse)
2017-11-04 11:09:35.499  INFO 32892 --- [restartedMain] o.s.w.s.handler.SimpleUrlHandlerMapping  : Mapped URL path [/webjars/**] onto handler of type [class org.springframework.web.servlet.resource.ResourceHttpRequestHandler]
2017-11-04 11:09:35.500  INFO 32892 --- [restartedMain] o.s.w.s.handler.SimpleUrlHandlerMapping  : Mapped URL path [/**] onto handler of type [class org.springframework.web.servlet.resource.ResourceHttpRequestHandler]
2017-11-04 11:09:35.686  INFO 32892 --- [restartedMain] o.s.w.s.handler.SimpleUrlHandlerMapping  : Mapped URL path [/**/favicon.ico] onto handler of type [class org.springframework.web.servlet.resource.ResourceHttpRequestHandler]
2017-11-04 11:09:36.857  INFO 32892 --- [restartedMain] o.s.b.d.a.OptionalLiveReloadServer       : LiveReload server is running on port 35729
2017-11-04 11:09:37.043  INFO 32892 --- [restartedMain] o.s.j.e.a.AnnotationMBeanExporter        : Registering beans for JMX exposure on startup
2017-11-04 11:09:38.048  INFO 32892 --- [restartedMain] s.b.c.e.t.TomcatEmbeddedServletContainer : Tomcat started on port(s): 8080 (http)
2017-11-04 11:09:38.075  INFO 32892 --- [restartedMain] com.yuwubao.HbThinkTankApplication       : Started HbThinkTankApplication in 23.683 seconds (JVM running for 31.26)
